[13:29:01.446] [INFO] [36mInitializing Storybook[39m
[13:29:01.905] [DEBUG] Getting package.json info for D:/Work/teavision/teavision.com.au/package.json...
[13:29:01.905] [DEBUG] Getting CLI versions from NPM for storybook...
[13:29:01.905] [DEBUG] Executing command: pnpm info storybook version
[13:29:01.991] [INFO] Adding Storybook version 10.3.5 to your project
[13:29:01.993] [DEBUG] Project type detected: nextjs
[13:29:01.994] [DEBUG] Using cached package.json for D:\Work\teavision\teavision.com.au\package.json...
[13:29:02.000] [INFO] Framework detected: nextjs-vite
[13:29:02.001] [DEBUG] Getting installed version for vitest...
[13:29:02.001] [DEBUG] Executing command: pnpm list "vitest" --json --depth=99
[13:29:02.038] [DEBUG] Error finding installations for vitest: ExecaError: Command failed with exit code 1: pnpm.cmd list """vitest""" --json "--depth=99"

'"C:\Users\evang\AppData\Local\pnpm\\.tools\pnpm-exe\10.33.0\pnpm"' is not recognized as an internal or external command,\r
operable program or batch file.
[13:29:02.038] [DEBUG] No installations found for vitest
[13:29:02.038] [DEBUG] Getting installed version for msw...
[13:29:02.038] [DEBUG] Executing command: pnpm list "msw" --json --depth=99
[13:29:02.070] [DEBUG] Error finding installations for msw: ExecaError: Command failed with exit code 1: pnpm.cmd list """msw""" --json "--depth=99"

'"C:\Users\evang\AppData\Local\pnpm\\.tools\pnpm-exe\10.33.0\pnpm"' is not recognized as an internal or external command,\r
operable program or batch file.
[13:29:02.070] [DEBUG] No installations found for msw
[13:29:02.080] [DEBUG] Using cached package.json for D:\Work\teavision\teavision.com.au\package.json...
[13:29:02.080] [DEBUG] Using cached package.json for D:\Work\teavision\teavision.com.au\package.json...
[13:29:02.080] [DEBUG] Using cached package.json for D:\Work\teavision\teavision.com.au\package.json...
[13:29:02.080] [INFO] - Configuring ESLint plugin
[13:29:02.081] [DEBUG] Detected flat config at D:\Work\teavision\teavision.com.au\eslint.config.mjs
[13:29:02.110] [DEBUG] Getting CLI versions from NPM for storybook...
[13:29:02.110] [DEBUG] Executing command: pnpm info storybook version
[13:29:02.140] [DEBUG] Getting CLI versions from NPM for @storybook/nextjs-vite...
[13:29:02.140] [DEBUG] Executing command: pnpm info @storybook/nextjs-vite version
[13:29:02.176] [DEBUG] Getting CLI versions from NPM for @chromatic-com/storybook...
[13:29:02.176] [DEBUG] Executing command: pnpm info @chromatic-com/storybook version
[13:29:02.207] [DEBUG] Getting CLI versions from NPM for @storybook/addon-vitest...
[13:29:02.207] [DEBUG] Executing command: pnpm info @storybook/addon-vitest version
[13:29:02.242] [DEBUG] Getting CLI versions from NPM for @storybook/addon-a11y...
[13:29:02.242] [DEBUG] Executing command: pnpm info @storybook/addon-a11y version
[13:29:02.278] [DEBUG] Getting CLI versions from NPM for @storybook/addon-docs...
[13:29:02.278] [DEBUG] Executing command: pnpm info @storybook/addon-docs version
[13:29:02.312] [DEBUG] Getting CLI versions from NPM for @storybook/addon-onboarding...
[13:29:02.312] [DEBUG] Executing command: pnpm info @storybook/addon-onboarding version
[13:29:02.346] [DEBUG] Getting CLI versions from NPM for vite...
[13:29:02.346] [DEBUG] Executing command: pnpm info vite version
[13:29:02.379] [DEBUG] Getting CLI versions from NPM for eslint-plugin-storybook...
[13:29:02.379] [DEBUG] Executing command: pnpm info eslint-plugin-storybook version
[13:29:02.440] [INFO] - Configuring main.ts
[13:29:02.442] [INFO] - Configuring preview.ts
[13:29:02.443] [INFO] - Adding Storybook command to package.json
[13:29:02.443] [DEBUG] Getting package.json info for D:/Work/teavision/teavision.com.au/package.json...
[13:29:02.444] [DEBUG] Using cached package.json for D:\Work\teavision\teavision.com.au\package.json...
[13:29:02.444] [DEBUG] Using cached package.json for D:\Work\teavision\teavision.com.au\package.json...
[13:29:02.444] [INFO] - Copying framework templates
[13:29:02.482] [DEBUG] Executing command: npm config get registry -ws=false -iwr
[13:29:03.542] [INFO] Storybook configuration generated
[13:29:03.543] [DEBUG] Using cached package.json for D:\Work\teavision\teavision.com.au\package.json...
[13:29:03.543] [DEBUG] Using cached installed version for vitest...
[13:29:03.543] [DEBUG] Getting installed version for @vitest/coverage-v8...
[13:29:03.543] [DEBUG] Executing command: pnpm list "@vitest/coverage-v8" --json --depth=99
[13:29:03.578] [DEBUG] Error finding installations for @vitest/coverage-v8: ExecaError: Command failed with exit code 1: pnpm.cmd list """@vitest/coverage-v8""" --json "--depth=99"

'"C:\Users\evang\AppData\Local\pnpm\\.tools\pnpm-exe\10.33.0\pnpm"' is not recognized as an internal or external command,\r
operable program or batch file.
[13:29:03.579] [DEBUG] No installations found for @vitest/coverage-v8
[13:29:03.579] [DEBUG] Getting installed version for @vitest/coverage-istanbul...
[13:29:03.579] [DEBUG] Executing command: pnpm list "@vitest/coverage-istanbul" --json --depth=99
[13:29:03.613] [DEBUG] Error finding installations for @vitest/coverage-istanbul: ExecaError: Command failed with exit code 1: pnpm.cmd list """@vitest/coverage-istanbul""" --json "--depth=99"

'"C:\Users\evang\AppData\Local\pnpm\\.tools\pnpm-exe\10.33.0\pnpm"' is not recognized as an internal or external command,\r
operable program or batch file.
[13:29:03.613] [DEBUG] No installations found for @vitest/coverage-istanbul
[13:29:03.613] [INFO] Adding devDependencies:
- storybook@10.3.5
- @storybook/nextjs-vite@10.3.5
- @chromatic-com/storybook@^null
- @storybook/addon-vitest@10.3.5
- @storybook/addon-a11y@10.3.5
- @storybook/addon-docs@10.3.5
- @storybook/addon-onboarding@10.3.5
- vite@^null
- eslint-plugin-storybook@10.3.5
- vitest
- playwright
- @vitest/browser-playwright
- @vitest/coverage-v8
[13:29:03.615] [DEBUG] Using cached package.json for D:\Work\teavision\teavision.com.au\package.json...
[13:29:03.615] [DEBUG] Getting CLI versions from NPM for storybook...
[13:29:03.615] [DEBUG] Executing command: pnpm info storybook version
[13:29:03.674] [WARN] 
     [33mError: No version found for storybook[39m
[13:29:03.675] [DEBUG] Getting CLI versions from NPM for @storybook/nextjs-vite...
[13:29:03.675] [DEBUG] Executing command: pnpm info @storybook/nextjs-vite version
[13:29:03.730] [WARN] 
     [33mError: No version found for @storybook/nextjs-vite[39m
[13:29:03.730] [DEBUG] Getting CLI versions from NPM for @chromatic-com/storybook...
[13:29:03.730] [DEBUG] Executing command: pnpm info @chromatic-com/storybook version
[13:29:03.786] [ERROR] 
     [31mError: No version found for @chromatic-com/storybook[39m
[13:29:03.789] [INFO] Storybook collects completely anonymous usage telemetry. We use it to shape Storybook's roadmap and prioritize features. You can learn more, including how to opt out, at https://storybook.js.org/telemetry